<component name="libraryTable">
  <library name="junit-jupiter-api-5.3.2">
    <CLASSES>
      <root url="jar:///usr/share/java/junit-jupiter-api-5.3.2.jar!/" />
    </CLASSES>
    <JAVADOC />
    <SOURCES />
  </library>
</component>