<component name="libraryTable">
  <library name="junit-jupiter-api">
    <CLASSES>
      <root url="jar:///usr/share/java/junit-jupiter-api.jar!/" />
    </CLASSES>
    <JAVADOC />
    <SOURCES />
  </library>
</component>